<?xml version="1.0" encoding="UTF-8"?>
<coverage generated="1502800690053" clover="3.2.0">
  <project timestamp="1502800690054" name="All files">
    <metrics statements="11" coveredstatements="10" conditionals="35" coveredconditionals="20" methods="12" coveredmethods="11" elements="58" coveredelements="41" complexity="0" loc="11" ncloc="11" packages="1" files="1" classes="1">
      <file name="entry.js" path="/Users/a2014/Desktop/draghtml/script/src/entry.js">
        <metrics statements="11" coveredstatements="10" conditionals="35" coveredconditionals="20" methods="12" coveredmethods="11"/>
        <line num="1" count="3" type="cond" truecount="5" falsecount="3"/>
        <line num="12" count="1" type="cond" truecount="13" falsecount="10"/>
        <line num="20" count="1" type="cond" truecount="1" falsecount="1"/>
        <line num="21" count="1" type="stmt"/>
        <line num="22" count="1" type="stmt"/>
        <line num="25" count="0" type="stmt"/>
        <line num="30" count="1" type="stmt"/>
        <line num="34" count="2" type="stmt"/>
        <line num="42" count="1" type="stmt"/>
        <line num="44" count="1" type="stmt"/>
        <line num="45" count="1" type="stmt"/>
      </file>
    </metrics>
  </project>
</coverage>
