{"/Users/a2014/Desktop/draghtml/script/src/entry.js": {"path":"/Users/a2014/Desktop/draghtml/script/src/entry.js","statementMap":{"0":{"start":{"line":1,"column":13},"end":{"line":1,"column":75}},"1":{"start":{"line":1,"column":94},"end":{"line":1,"column":623}},"2":{"start":{"line":1,"column":149},"end":{"line":1,"column":414}},"3":{"start":{"line":1,"column":206},"end":{"line":1,"column":214}},"4":{"start":{"line":1,"column":215},"end":{"line":1,"column":270}},"5":{"start":{"line":1,"column":270},"end":{"line":1,"column":301}},"6":{"start":{"line":1,"column":301},"end":{"line":1,"column":355}},"7":{"start":{"line":1,"column":328},"end":{"line":1,"column":355}},"8":{"start":{"line":1,"column":355},"end":{"line":1,"column":413}},"9":{"start":{"line":1,"column":415},"end":{"line":1,"column":620}},"10":{"start":{"line":1,"column":471},"end":{"line":1,"column":539}},"11":{"start":{"line":1,"column":487},"end":{"line":1,"column":539}},"12":{"start":{"line":1,"column":539},"end":{"line":1,"column":599}},"13":{"start":{"line":1,"column":556},"end":{"line":1,"column":599}},"14":{"start":{"line":1,"column":599},"end":{"line":1,"column":618}},"15":{"start":{"line":12,"column":13},"end":{"line":12,"column":29}},"16":{"start":{"line":12,"column":44},"end":{"line":12,"column":74}},"17":{"start":{"line":12,"column":113},"end":{"line":12,"column":167}},"18":{"start":{"line":12,"column":217},"end":{"line":12,"column":316}},"19":{"start":{"line":12,"column":258},"end":{"line":12,"column":315}},"20":{"start":{"line":12,"column":366},"end":{"line":12,"column":465}},"21":{"start":{"line":12,"column":378},"end":{"line":12,"column":464}},"22":{"start":{"line":12,"column":465},"end":{"line":12,"column":551}},"23":{"start":{"line":12,"column":594},"end":{"line":12,"column":757}},"24":{"start":{"line":12,"column":656},"end":{"line":12,"column":756}},"25":{"start":{"line":12,"column":757},"end":{"line":12,"column":921}},"26":{"start":{"line":12,"column":921},"end":{"line":12,"column":1039}},"27":{"start":{"line":12,"column":937},"end":{"line":12,"column":1039}},"28":{"start":{"line":20,"column":10},"end":{"line":42,"column":49}},"29":{"start":{"line":20,"column":39},"end":{"line":20,"column":72}},"30":{"start":{"line":20,"column":88},"end":{"line":20,"column":115}},"31":{"start":{"line":20,"column":127},"end":{"line":20,"column":217}},"32":{"start":{"line":20,"column":227},"end":{"line":20,"column":229}},"33":{"start":{"line":20,"column":230},"end":{"line":20,"column":276}},"34":{"start":{"line":21,"column":4},"end":{"line":21,"column":44}},"35":{"start":{"line":21,"column":44},"end":{"line":21,"column":57}},"36":{"start":{"line":22,"column":3},"end":{"line":42,"column":10}},"37":{"start":{"line":25,"column":6},"end":{"line":26,"column":40}},"38":{"start":{"line":30,"column":6},"end":{"line":30,"column":26}},"39":{"start":{"line":34,"column":6},"end":{"line":40,"column":71}},"40":{"start":{"line":42,"column":10},"end":{"line":42,"column":21}},"41":{"start":{"line":42,"column":50},"end":{"line":42,"column":72}},"42":{"start":{"line":44,"column":0},"end":{"line":44,"column":24}}},"fnMap":{"0":{"name":"(anonymous_0)","decl":{"start":{"line":1,"column":94},"end":{"line":1,"column":95}},"loc":{"start":{"line":1,"column":106},"end":{"line":1,"column":621}},"line":1},"1":{"name":"defineProperties","decl":{"start":{"line":1,"column":116},"end":{"line":1,"column":132}},"loc":{"start":{"line":1,"column":148},"end":{"line":1,"column":415}},"line":1},"2":{"name":"(anonymous_2)","decl":{"start":{"line":1,"column":422},"end":{"line":1,"column":423}},"loc":{"start":{"line":1,"column":470},"end":{"line":1,"column":619}},"line":1},"3":{"name":"_interopRequireDefault","decl":{"start":{"line":12,"column":84},"end":{"line":12,"column":106}},"loc":{"start":{"line":12,"column":112},"end":{"line":12,"column":168}},"line":12},"4":{"name":"_classCallCheck","decl":{"start":{"line":12,"column":177},"end":{"line":12,"column":192}},"loc":{"start":{"line":12,"column":216},"end":{"line":12,"column":317}},"line":12},"5":{"name":"_possibleConstructorReturn","decl":{"start":{"line":12,"column":326},"end":{"line":12,"column":352}},"loc":{"start":{"line":12,"column":365},"end":{"line":12,"column":552}},"line":12},"6":{"name":"_inherits","decl":{"start":{"line":12,"column":561},"end":{"line":12,"column":570}},"loc":{"start":{"line":12,"column":593},"end":{"line":12,"column":1040}},"line":12},"7":{"name":"(anonymous_7)","decl":{"start":{"line":20,"column":10},"end":{"line":20,"column":11}},"loc":{"start":{"line":20,"column":38},"end":{"line":42,"column":22}},"line":20},"8":{"name":"App","decl":{"start":{"line":20,"column":81},"end":{"line":20,"column":84}},"loc":{"start":{"line":20,"column":87},"end":{"line":22,"column":3}},"line":20},"9":{"name":"change","decl":{"start":{"line":22,"column":55},"end":{"line":22,"column":61}},"loc":{"start":{"line":24,"column":4},"end":{"line":28,"column":5}},"line":24},"10":{"name":"componentDidMount","decl":{"start":{"line":28,"column":53},"end":{"line":28,"column":70}},"loc":{"start":{"line":29,"column":4},"end":{"line":31,"column":5}},"line":29},"11":{"name":"render","decl":{"start":{"line":31,"column":42},"end":{"line":31,"column":48}},"loc":{"start":{"line":33,"column":4},"end":{"line":42,"column":5}},"line":33}},"branchMap":{"0":{"loc":{"start":{"line":1,"column":239},"end":{"line":1,"column":269}},"type":"binary-expr","locations":[{"start":{"line":1,"column":239},"end":{"line":1,"column":260}},{"start":{"line":1,"column":264},"end":{"line":1,"column":269}}],"line":1},"1":{"loc":{"start":{"line":1,"column":301},"end":{"line":1,"column":355}},"type":"if","locations":[{"start":{"line":1,"column":301},"end":{"line":1,"column":355}},{"start":{"line":1,"column":301},"end":{"line":1,"column":355}}],"line":1},"2":{"loc":{"start":{"line":1,"column":471},"end":{"line":1,"column":539}},"type":"if","locations":[{"start":{"line":1,"column":471},"end":{"line":1,"column":539}},{"start":{"line":1,"column":471},"end":{"line":1,"column":539}}],"line":1},"3":{"loc":{"start":{"line":1,"column":539},"end":{"line":1,"column":599}},"type":"if","locations":[{"start":{"line":1,"column":539},"end":{"line":1,"column":599}},{"start":{"line":1,"column":539},"end":{"line":1,"column":599}}],"line":1},"4":{"loc":{"start":{"line":12,"column":120},"end":{"line":12,"column":166}},"type":"cond-expr","locations":[{"start":{"line":12,"column":144},"end":{"line":12,"column":147}},{"start":{"line":12,"column":150},"end":{"line":12,"column":166}}],"line":12},"5":{"loc":{"start":{"line":12,"column":120},"end":{"line":12,"column":141}},"type":"binary-expr","locations":[{"start":{"line":12,"column":120},"end":{"line":12,"column":123}},{"start":{"line":12,"column":127},"end":{"line":12,"column":141}}],"line":12},"6":{"loc":{"start":{"line":12,"column":217},"end":{"line":12,"column":316}},"type":"if","locations":[{"start":{"line":12,"column":217},"end":{"line":12,"column":316}},{"start":{"line":12,"column":217},"end":{"line":12,"column":316}}],"line":12},"7":{"loc":{"start":{"line":12,"column":366},"end":{"line":12,"column":465}},"type":"if","locations":[{"start":{"line":12,"column":366},"end":{"line":12,"column":465}},{"start":{"line":12,"column":366},"end":{"line":12,"column":465}}],"line":12},"8":{"loc":{"start":{"line":12,"column":472},"end":{"line":12,"column":550}},"type":"cond-expr","locations":[{"start":{"line":12,"column":539},"end":{"line":12,"column":543}},{"start":{"line":12,"column":546},"end":{"line":12,"column":550}}],"line":12},"9":{"loc":{"start":{"line":12,"column":472},"end":{"line":12,"column":536}},"type":"binary-expr","locations":[{"start":{"line":12,"column":472},"end":{"line":12,"column":476}},{"start":{"line":12,"column":481},"end":{"line":12,"column":505}},{"start":{"line":12,"column":509},"end":{"line":12,"column":535}}],"line":12},"10":{"loc":{"start":{"line":12,"column":594},"end":{"line":12,"column":757}},"type":"if","locations":[{"start":{"line":12,"column":594},"end":{"line":12,"column":757}},{"start":{"line":12,"column":594},"end":{"line":12,"column":757}}],"line":12},"11":{"loc":{"start":{"line":12,"column":598},"end":{"line":12,"column":653}},"type":"binary-expr","locations":[{"start":{"line":12,"column":598},"end":{"line":12,"column":630}},{"start":{"line":12,"column":634},"end":{"line":12,"column":653}}],"line":12},"12":{"loc":{"start":{"line":12,"column":792},"end":{"line":12,"column":826}},"type":"binary-expr","locations":[{"start":{"line":12,"column":792},"end":{"line":12,"column":802}},{"start":{"line":12,"column":806},"end":{"line":12,"column":826}}],"line":12},"13":{"loc":{"start":{"line":12,"column":921},"end":{"line":12,"column":1039}},"type":"if","locations":[{"start":{"line":12,"column":921},"end":{"line":12,"column":1039}},{"start":{"line":12,"column":921},"end":{"line":12,"column":1039}}],"line":12},"14":{"loc":{"start":{"line":12,"column":937},"end":{"line":12,"column":1038}},"type":"cond-expr","locations":[{"start":{"line":12,"column":961},"end":{"line":12,"column":1004}},{"start":{"line":12,"column":1007},"end":{"line":12,"column":1038}}],"line":12},"15":{"loc":{"start":{"line":20,"column":161},"end":{"line":20,"column":204}},"type":"binary-expr","locations":[{"start":{"line":20,"column":161},"end":{"line":20,"column":174}},{"start":{"line":20,"column":178},"end":{"line":20,"column":204}}],"line":20},"16":{"loc":{"start":{"line":40,"column":8},"end":{"line":40,"column":69}},"type":"cond-expr","locations":[{"start":{"line":40,"column":29},"end":{"line":40,"column":47}},{"start":{"line":40,"column":50},"end":{"line":40,"column":69}}],"line":40}},"s":{"0":1,"1":1,"2":1,"3":3,"4":3,"5":3,"6":3,"7":3,"8":3,"9":1,"10":1,"11":1,"12":1,"13":0,"14":1,"15":1,"16":1,"17":1,"18":2,"19":0,"20":2,"21":0,"22":2,"23":1,"24":0,"25":1,"26":1,"27":1,"28":1,"29":1,"30":2,"31":2,"32":2,"33":2,"34":2,"35":2,"36":1,"37":1,"38":1,"39":4,"40":1,"41":1,"42":1},"f":{"0":1,"1":1,"2":1,"3":1,"4":2,"5":2,"6":1,"7":1,"8":2,"9":1,"10":1,"11":4},"b":{"0":[3,3],"1":[3,0],"2":[1,0],"3":[0,1],"4":[0,1],"5":[1,1],"6":[0,2],"7":[0,2],"8":[0,2],"9":[2,0,0],"10":[0,1],"11":[1,0],"12":[1,1],"13":[1,0],"14":[1,0],"15":[2,0],"16":[1,3]},"_coverageSchema":"332fd63041d2c1bcb487cc26dd0d5f7d97098a6c","hash":"8bd292702c1eed16bdfddb3d8c8cab738e566509"}
,"/Users/a2014/Desktop/draghtml/script/src/parser.js": {"path":"/Users/a2014/Desktop/draghtml/script/src/parser.js","statementMap":{"0":{"start":{"line":1,"column":13},"end":{"line":1,"column":75}},"1":{"start":{"line":1,"column":94},"end":{"line":1,"column":623}},"2":{"start":{"line":1,"column":149},"end":{"line":1,"column":414}},"3":{"start":{"line":1,"column":206},"end":{"line":1,"column":214}},"4":{"start":{"line":1,"column":215},"end":{"line":1,"column":270}},"5":{"start":{"line":1,"column":270},"end":{"line":1,"column":301}},"6":{"start":{"line":1,"column":301},"end":{"line":1,"column":355}},"7":{"start":{"line":1,"column":328},"end":{"line":1,"column":355}},"8":{"start":{"line":1,"column":355},"end":{"line":1,"column":413}},"9":{"start":{"line":1,"column":415},"end":{"line":1,"column":620}},"10":{"start":{"line":1,"column":471},"end":{"line":1,"column":539}},"11":{"start":{"line":1,"column":487},"end":{"line":1,"column":539}},"12":{"start":{"line":1,"column":539},"end":{"line":1,"column":599}},"13":{"start":{"line":1,"column":556},"end":{"line":1,"column":599}},"14":{"start":{"line":1,"column":599},"end":{"line":1,"column":618}},"15":{"start":{"line":1,"column":673},"end":{"line":1,"column":772}},"16":{"start":{"line":1,"column":714},"end":{"line":1,"column":771}},"17":{"start":{"line":1,"column":786},"end":{"line":90,"column":31}},"18":{"start":{"line":2,"column":28},"end":{"line":2,"column":58}},"19":{"start":{"line":3,"column":8},"end":{"line":3,"column":35}},"20":{"start":{"line":4,"column":8},"end":{"line":4,"column":124}},"21":{"start":{"line":5,"column":8},"end":{"line":5,"column":24}},"22":{"start":{"line":6,"column":5},"end":{"line":90,"column":14}},"23":{"start":{"line":8,"column":21},"end":{"line":8,"column":47}},"24":{"start":{"line":9,"column":22},"end":{"line":9,"column":45}},"25":{"start":{"line":11,"column":12},"end":{"line":30,"column":13}},"26":{"start":{"line":12,"column":16},"end":{"line":12,"column":47}},"27":{"start":{"line":15,"column":16},"end":{"line":15,"column":60}},"28":{"start":{"line":16,"column":33},"end":{"line":16,"column":63}},"29":{"start":{"line":17,"column":16},"end":{"line":17,"column":84}},"30":{"start":{"line":18,"column":16},"end":{"line":18,"column":51}},"31":{"start":{"line":19,"column":26},"end":{"line":19,"column":85}},"32":{"start":{"line":20,"column":16},"end":{"line":20,"column":39}},"33":{"start":{"line":21,"column":29},"end":{"line":21,"column":57}},"34":{"start":{"line":22,"column":27},"end":{"line":22,"column":49}},"35":{"start":{"line":23,"column":27},"end":{"line":23,"column":49}},"36":{"start":{"line":24,"column":26},"end":{"line":24,"column":72}},"37":{"start":{"line":25,"column":16},"end":{"line":25,"column":41}},"38":{"start":{"line":26,"column":16},"end":{"line":26,"column":40}},"39":{"start":{"line":27,"column":16},"end":{"line":29,"column":17}},"40":{"start":{"line":28,"column":20},"end":{"line":28,"column":48}},"41":{"start":{"line":31,"column":12},"end":{"line":31,"column":47}},"42":{"start":{"line":35,"column":12},"end":{"line":80,"column":36}},"43":{"start":{"line":38,"column":32},"end":{"line":38,"column":72}},"44":{"start":{"line":39,"column":32},"end":{"line":39,"column":72}},"45":{"start":{"line":40,"column":30},"end":{"line":40,"column":56}},"46":{"start":{"line":41,"column":32},"end":{"line":41,"column":113}},"47":{"start":{"line":42,"column":20},"end":{"line":42,"column":59}},"48":{"start":{"line":43,"column":20},"end":{"line":45,"column":21}},"49":{"start":{"line":44,"column":24},"end":{"line":44,"column":40}},"50":{"start":{"line":46,"column":20},"end":{"line":46,"column":149}},"51":{"start":{"line":47,"column":20},"end":{"line":47,"column":43}},"52":{"start":{"line":48,"column":20},"end":{"line":48,"column":31}},"53":{"start":{"line":51,"column":32},"end":{"line":51,"column":69}},"54":{"start":{"line":52,"column":32},"end":{"line":52,"column":88}},"55":{"start":{"line":53,"column":32},"end":{"line":53,"column":66}},"56":{"start":{"line":54,"column":20},"end":{"line":54,"column":90}},"57":{"start":{"line":55,"column":20},"end":{"line":55,"column":43}},"58":{"start":{"line":56,"column":20},"end":{"line":56,"column":31}},"59":{"start":{"line":59,"column":32},"end":{"line":59,"column":73}},"60":{"start":{"line":60,"column":32},"end":{"line":60,"column":71}},"61":{"start":{"line":61,"column":32},"end":{"line":61,"column":60}},"62":{"start":{"line":62,"column":20},"end":{"line":62,"column":87}},"63":{"start":{"line":63,"column":20},"end":{"line":63,"column":43}},"64":{"start":{"line":64,"column":20},"end":{"line":64,"column":31}},"65":{"start":{"line":67,"column":32},"end":{"line":67,"column":65}},"66":{"start":{"line":68,"column":32},"end":{"line":68,"column":69}},"67":{"start":{"line":69,"column":32},"end":{"line":69,"column":66}},"68":{"start":{"line":70,"column":20},"end":{"line":70,"column":75}},"69":{"start":{"line":71,"column":20},"end":{"line":71,"column":43}},"70":{"start":{"line":72,"column":20},"end":{"line":72,"column":31}},"71":{"start":{"line":74,"column":30},"end":{"line":74,"column":61}},"72":{"start":{"line":75,"column":30},"end":{"line":75,"column":48}},"73":{"start":{"line":76,"column":30},"end":{"line":76,"column":56}},"74":{"start":{"line":77,"column":20},"end":{"line":77,"column":65}},"75":{"start":{"line":78,"column":20},"end":{"line":78,"column":43}},"76":{"start":{"line":79,"column":20},"end":{"line":79,"column":31}},"77":{"start":{"line":80,"column":24},"end":{"line":80,"column":35}},"78":{"start":{"line":85,"column":12},"end":{"line":85,"column":71}},"79":{"start":{"line":89,"column":12},"end":{"line":89,"column":74}},"80":{"start":{"line":90,"column":14},"end":{"line":90,"column":28}},"81":{"start":{"line":90,"column":32},"end":{"line":90,"column":57}}},"fnMap":{"0":{"name":"(anonymous_0)","decl":{"start":{"line":1,"column":94},"end":{"line":1,"column":95}},"loc":{"start":{"line":1,"column":106},"end":{"line":1,"column":621}},"line":1},"1":{"name":"defineProperties","decl":{"start":{"line":1,"column":116},"end":{"line":1,"column":132}},"loc":{"start":{"line":1,"column":148},"end":{"line":1,"column":415}},"line":1},"2":{"name":"(anonymous_2)","decl":{"start":{"line":1,"column":422},"end":{"line":1,"column":423}},"loc":{"start":{"line":1,"column":470},"end":{"line":1,"column":619}},"line":1},"3":{"name":"_classCallCheck","decl":{"start":{"line":1,"column":633},"end":{"line":1,"column":648}},"loc":{"start":{"line":1,"column":672},"end":{"line":1,"column":773}},"line":1},"4":{"name":"(anonymous_4)","decl":{"start":{"line":1,"column":786},"end":{"line":1,"column":787}},"loc":{"start":{"line":1,"column":798},"end":{"line":90,"column":29}},"line":1},"5":{"name":"Parser","decl":{"start":{"line":2,"column":13},"end":{"line":2,"column":19}},"loc":{"start":{"line":2,"column":27},"end":{"line":6,"column":5}},"line":2},"6":{"name":"render","decl":{"start":{"line":6,"column":60},"end":{"line":6,"column":66}},"loc":{"start":{"line":7,"column":13},"end":{"line":32,"column":9}},"line":7},"7":{"name":"evalue","decl":{"start":{"line":34,"column":40},"end":{"line":34,"column":46}},"loc":{"start":{"line":34,"column":52},"end":{"line":82,"column":9}},"line":34},"8":{"name":"rCode","decl":{"start":{"line":84,"column":39},"end":{"line":84,"column":44}},"loc":{"start":{"line":84,"column":51},"end":{"line":86,"column":9}},"line":84},"9":{"name":"rWrap","decl":{"start":{"line":88,"column":39},"end":{"line":88,"column":44}},"loc":{"start":{"line":88,"column":50},"end":{"line":90,"column":9}},"line":88}},"branchMap":{"0":{"loc":{"start":{"line":1,"column":239},"end":{"line":1,"column":269}},"type":"binary-expr","locations":[{"start":{"line":1,"column":239},"end":{"line":1,"column":260}},{"start":{"line":1,"column":264},"end":{"line":1,"column":269}}],"line":1},"1":{"loc":{"start":{"line":1,"column":301},"end":{"line":1,"column":355}},"type":"if","locations":[{"start":{"line":1,"column":301},"end":{"line":1,"column":355}},{"start":{"line":1,"column":301},"end":{"line":1,"column":355}}],"line":1},"2":{"loc":{"start":{"line":1,"column":471},"end":{"line":1,"column":539}},"type":"if","locations":[{"start":{"line":1,"column":471},"end":{"line":1,"column":539}},{"start":{"line":1,"column":471},"end":{"line":1,"column":539}}],"line":1},"3":{"loc":{"start":{"line":1,"column":539},"end":{"line":1,"column":599}},"type":"if","locations":[{"start":{"line":1,"column":539},"end":{"line":1,"column":599}},{"start":{"line":1,"column":539},"end":{"line":1,"column":599}}],"line":1},"4":{"loc":{"start":{"line":1,"column":673},"end":{"line":1,"column":772}},"type":"if","locations":[{"start":{"line":1,"column":673},"end":{"line":1,"column":772}},{"start":{"line":1,"column":673},"end":{"line":1,"column":772}}],"line":1},"5":{"loc":{"start":{"line":4,"column":20},"end":{"line":4,"column":123}},"type":"cond-expr","locations":[{"start":{"line":4,"column":44},"end":{"line":4,"column":118}},{"start":{"line":4,"column":121},"end":{"line":4,"column":123}}],"line":4},"6":{"loc":{"start":{"line":11,"column":12},"end":{"line":30,"column":13}},"type":"if","locations":[{"start":{"line":11,"column":12},"end":{"line":30,"column":13}},{"start":{"line":11,"column":12},"end":{"line":30,"column":13}}],"line":11},"7":{"loc":{"start":{"line":27,"column":16},"end":{"line":29,"column":17}},"type":"if","locations":[{"start":{"line":27,"column":16},"end":{"line":29,"column":17}},{"start":{"line":27,"column":16},"end":{"line":29,"column":17}}],"line":27},"8":{"loc":{"start":{"line":35,"column":12},"end":{"line":80,"column":36}},"type":"switch","locations":[{"start":{"line":37,"column":16},"end":{"line":48,"column":31}},{"start":{"line":50,"column":16},"end":{"line":56,"column":31}},{"start":{"line":58,"column":16},"end":{"line":64,"column":31}},{"start":{"line":66,"column":16},"end":{"line":72,"column":31}},{"start":{"line":73,"column":16},"end":{"line":79,"column":31}},{"start":{"line":80,"column":16},"end":{"line":80,"column":35}}],"line":35},"9":{"loc":{"start":{"line":38,"column":32},"end":{"line":38,"column":72}},"type":"binary-expr","locations":[{"start":{"line":38,"column":32},"end":{"line":38,"column":61}},{"start":{"line":38,"column":65},"end":{"line":38,"column":72}}],"line":38},"10":{"loc":{"start":{"line":41,"column":32},"end":{"line":41,"column":113}},"type":"cond-expr","locations":[{"start":{"line":41,"column":54},"end":{"line":41,"column":82}},{"start":{"line":41,"column":85},"end":{"line":41,"column":113}}],"line":41},"11":{"loc":{"start":{"line":43,"column":20},"end":{"line":45,"column":21}},"type":"if","locations":[{"start":{"line":43,"column":20},"end":{"line":45,"column":21}},{"start":{"line":43,"column":20},"end":{"line":45,"column":21}}],"line":43},"12":{"loc":{"start":{"line":46,"column":26},"end":{"line":46,"column":148}},"type":"cond-expr","locations":[{"start":{"line":46,"column":56},"end":{"line":46,"column":112}},{"start":{"line":46,"column":115},"end":{"line":46,"column":148}}],"line":46},"13":{"loc":{"start":{"line":51,"column":32},"end":{"line":51,"column":69}},"type":"binary-expr","locations":[{"start":{"line":51,"column":32},"end":{"line":51,"column":58}},{"start":{"line":51,"column":62},"end":{"line":51,"column":69}}],"line":51},"14":{"loc":{"start":{"line":59,"column":32},"end":{"line":59,"column":73}},"type":"binary-expr","locations":[{"start":{"line":59,"column":32},"end":{"line":59,"column":62}},{"start":{"line":59,"column":66},"end":{"line":59,"column":73}}],"line":59},"15":{"loc":{"start":{"line":67,"column":32},"end":{"line":67,"column":65}},"type":"binary-expr","locations":[{"start":{"line":67,"column":32},"end":{"line":67,"column":54}},{"start":{"line":67,"column":58},"end":{"line":67,"column":65}}],"line":67},"16":{"loc":{"start":{"line":74,"column":30},"end":{"line":74,"column":61}},"type":"binary-expr","locations":[{"start":{"line":74,"column":30},"end":{"line":74,"column":50}},{"start":{"line":74,"column":54},"end":{"line":74,"column":61}}],"line":74}},"s":{"0":1,"1":1,"2":1,"3":4,"4":4,"5":4,"6":4,"7":4,"8":4,"9":1,"10":1,"11":1,"12":1,"13":0,"14":1,"15":3,"16":0,"17":1,"18":3,"19":3,"20":3,"21":3,"22":1,"23":4,"24":4,"25":4,"26":1,"27":3,"28":3,"29":3,"30":3,"31":3,"32":3,"33":3,"34":3,"35":3,"36":3,"37":3,"38":3,"39":3,"40":1,"41":4,"42":23,"43":4,"44":4,"45":4,"46":4,"47":4,"48":4,"49":4,"50":4,"51":4,"52":4,"53":0,"54":0,"55":0,"56":0,"57":0,"58":0,"59":1,"60":1,"61":1,"62":1,"63":1,"64":1,"65":1,"66":1,"67":1,"68":1,"69":1,"70":1,"71":4,"72":4,"73":4,"74":4,"75":4,"76":4,"77":13,"78":3,"79":10,"80":1,"81":1},"f":{"0":1,"1":1,"2":1,"3":3,"4":1,"5":3,"6":4,"7":23,"8":3,"9":10},"b":{"0":[4,4],"1":[4,0],"2":[1,0],"3":[0,1],"4":[0,3],"5":[3,0],"6":[1,3],"7":[1,2],"8":[4,0,1,1,4,13],"9":[4,0],"10":[0,4],"11":[4,0],"12":[0,4],"13":[0,0],"14":[1,0],"15":[1,0],"16":[4,0]},"_coverageSchema":"332fd63041d2c1bcb487cc26dd0d5f7d97098a6c","hash":"c4bba1fb7015ffc60263895311d893f2036b4ef6"}
}
