{"/Users/a2014/Desktop/draghtml/script/src/entry.js": {"path":"/Users/a2014/Desktop/draghtml/script/src/entry.js","statementMap":{"0":{"start":{"line":1,"column":32},"end":{"line":1,"column":561}},"1":{"start":{"line":1,"column":87},"end":{"line":1,"column":352}},"2":{"start":{"line":1,"column":144},"end":{"line":1,"column":152}},"3":{"start":{"line":1,"column":153},"end":{"line":1,"column":208}},"4":{"start":{"line":1,"column":208},"end":{"line":1,"column":239}},"5":{"start":{"line":1,"column":239},"end":{"line":1,"column":293}},"6":{"start":{"line":1,"column":266},"end":{"line":1,"column":293}},"7":{"start":{"line":1,"column":293},"end":{"line":1,"column":351}},"8":{"start":{"line":1,"column":353},"end":{"line":1,"column":558}},"9":{"start":{"line":1,"column":409},"end":{"line":1,"column":477}},"10":{"start":{"line":1,"column":425},"end":{"line":1,"column":477}},"11":{"start":{"line":1,"column":477},"end":{"line":1,"column":537}},"12":{"start":{"line":1,"column":494},"end":{"line":1,"column":537}},"13":{"start":{"line":1,"column":537},"end":{"line":1,"column":556}},"14":{"start":{"line":12,"column":13},"end":{"line":12,"column":29}},"15":{"start":{"line":12,"column":44},"end":{"line":12,"column":74}},"16":{"start":{"line":12,"column":113},"end":{"line":12,"column":167}},"17":{"start":{"line":12,"column":217},"end":{"line":12,"column":316}},"18":{"start":{"line":12,"column":258},"end":{"line":12,"column":315}},"19":{"start":{"line":12,"column":366},"end":{"line":12,"column":465}},"20":{"start":{"line":12,"column":378},"end":{"line":12,"column":464}},"21":{"start":{"line":12,"column":465},"end":{"line":12,"column":551}},"22":{"start":{"line":12,"column":594},"end":{"line":12,"column":757}},"23":{"start":{"line":12,"column":656},"end":{"line":12,"column":756}},"24":{"start":{"line":12,"column":757},"end":{"line":12,"column":921}},"25":{"start":{"line":12,"column":921},"end":{"line":12,"column":1039}},"26":{"start":{"line":12,"column":937},"end":{"line":12,"column":1039}},"27":{"start":{"line":20,"column":10},"end":{"line":42,"column":49}},"28":{"start":{"line":20,"column":39},"end":{"line":20,"column":72}},"29":{"start":{"line":20,"column":88},"end":{"line":20,"column":115}},"30":{"start":{"line":20,"column":127},"end":{"line":20,"column":217}},"31":{"start":{"line":20,"column":227},"end":{"line":20,"column":229}},"32":{"start":{"line":20,"column":230},"end":{"line":20,"column":276}},"33":{"start":{"line":21,"column":4},"end":{"line":21,"column":44}},"34":{"start":{"line":21,"column":44},"end":{"line":21,"column":57}},"35":{"start":{"line":22,"column":3},"end":{"line":42,"column":10}},"36":{"start":{"line":25,"column":6},"end":{"line":26,"column":40}},"37":{"start":{"line":30,"column":6},"end":{"line":30,"column":26}},"38":{"start":{"line":34,"column":6},"end":{"line":40,"column":71}},"39":{"start":{"line":42,"column":10},"end":{"line":42,"column":21}},"40":{"start":{"line":44,"column":0},"end":{"line":44,"column":24}},"41":{"start":{"line":45,"column":0},"end":{"line":45,"column":21}}},"fnMap":{"0":{"name":"(anonymous_0)","decl":{"start":{"line":1,"column":32},"end":{"line":1,"column":33}},"loc":{"start":{"line":1,"column":44},"end":{"line":1,"column":559}},"line":1},"1":{"name":"defineProperties","decl":{"start":{"line":1,"column":54},"end":{"line":1,"column":70}},"loc":{"start":{"line":1,"column":86},"end":{"line":1,"column":353}},"line":1},"2":{"name":"(anonymous_2)","decl":{"start":{"line":1,"column":360},"end":{"line":1,"column":361}},"loc":{"start":{"line":1,"column":408},"end":{"line":1,"column":557}},"line":1},"3":{"name":"_interopRequireDefault","decl":{"start":{"line":12,"column":84},"end":{"line":12,"column":106}},"loc":{"start":{"line":12,"column":112},"end":{"line":12,"column":168}},"line":12},"4":{"name":"_classCallCheck","decl":{"start":{"line":12,"column":177},"end":{"line":12,"column":192}},"loc":{"start":{"line":12,"column":216},"end":{"line":12,"column":317}},"line":12},"5":{"name":"_possibleConstructorReturn","decl":{"start":{"line":12,"column":326},"end":{"line":12,"column":352}},"loc":{"start":{"line":12,"column":365},"end":{"line":12,"column":552}},"line":12},"6":{"name":"_inherits","decl":{"start":{"line":12,"column":561},"end":{"line":12,"column":570}},"loc":{"start":{"line":12,"column":593},"end":{"line":12,"column":1040}},"line":12},"7":{"name":"(anonymous_7)","decl":{"start":{"line":20,"column":10},"end":{"line":20,"column":11}},"loc":{"start":{"line":20,"column":38},"end":{"line":42,"column":22}},"line":20},"8":{"name":"App","decl":{"start":{"line":20,"column":81},"end":{"line":20,"column":84}},"loc":{"start":{"line":20,"column":87},"end":{"line":22,"column":3}},"line":20},"9":{"name":"change","decl":{"start":{"line":22,"column":55},"end":{"line":22,"column":61}},"loc":{"start":{"line":24,"column":4},"end":{"line":28,"column":5}},"line":24},"10":{"name":"componentDidMount","decl":{"start":{"line":28,"column":53},"end":{"line":28,"column":70}},"loc":{"start":{"line":29,"column":4},"end":{"line":31,"column":5}},"line":29},"11":{"name":"render","decl":{"start":{"line":31,"column":42},"end":{"line":31,"column":48}},"loc":{"start":{"line":33,"column":4},"end":{"line":42,"column":5}},"line":33}},"branchMap":{"0":{"loc":{"start":{"line":1,"column":177},"end":{"line":1,"column":207}},"type":"binary-expr","locations":[{"start":{"line":1,"column":177},"end":{"line":1,"column":198}},{"start":{"line":1,"column":202},"end":{"line":1,"column":207}}],"line":1},"1":{"loc":{"start":{"line":1,"column":239},"end":{"line":1,"column":293}},"type":"if","locations":[{"start":{"line":1,"column":239},"end":{"line":1,"column":293}},{"start":{"line":1,"column":239},"end":{"line":1,"column":293}}],"line":1},"2":{"loc":{"start":{"line":1,"column":409},"end":{"line":1,"column":477}},"type":"if","locations":[{"start":{"line":1,"column":409},"end":{"line":1,"column":477}},{"start":{"line":1,"column":409},"end":{"line":1,"column":477}}],"line":1},"3":{"loc":{"start":{"line":1,"column":477},"end":{"line":1,"column":537}},"type":"if","locations":[{"start":{"line":1,"column":477},"end":{"line":1,"column":537}},{"start":{"line":1,"column":477},"end":{"line":1,"column":537}}],"line":1},"4":{"loc":{"start":{"line":12,"column":120},"end":{"line":12,"column":166}},"type":"cond-expr","locations":[{"start":{"line":12,"column":144},"end":{"line":12,"column":147}},{"start":{"line":12,"column":150},"end":{"line":12,"column":166}}],"line":12},"5":{"loc":{"start":{"line":12,"column":120},"end":{"line":12,"column":141}},"type":"binary-expr","locations":[{"start":{"line":12,"column":120},"end":{"line":12,"column":123}},{"start":{"line":12,"column":127},"end":{"line":12,"column":141}}],"line":12},"6":{"loc":{"start":{"line":12,"column":217},"end":{"line":12,"column":316}},"type":"if","locations":[{"start":{"line":12,"column":217},"end":{"line":12,"column":316}},{"start":{"line":12,"column":217},"end":{"line":12,"column":316}}],"line":12},"7":{"loc":{"start":{"line":12,"column":366},"end":{"line":12,"column":465}},"type":"if","locations":[{"start":{"line":12,"column":366},"end":{"line":12,"column":465}},{"start":{"line":12,"column":366},"end":{"line":12,"column":465}}],"line":12},"8":{"loc":{"start":{"line":12,"column":472},"end":{"line":12,"column":550}},"type":"cond-expr","locations":[{"start":{"line":12,"column":539},"end":{"line":12,"column":543}},{"start":{"line":12,"column":546},"end":{"line":12,"column":550}}],"line":12},"9":{"loc":{"start":{"line":12,"column":472},"end":{"line":12,"column":536}},"type":"binary-expr","locations":[{"start":{"line":12,"column":472},"end":{"line":12,"column":476}},{"start":{"line":12,"column":481},"end":{"line":12,"column":505}},{"start":{"line":12,"column":509},"end":{"line":12,"column":535}}],"line":12},"10":{"loc":{"start":{"line":12,"column":594},"end":{"line":12,"column":757}},"type":"if","locations":[{"start":{"line":12,"column":594},"end":{"line":12,"column":757}},{"start":{"line":12,"column":594},"end":{"line":12,"column":757}}],"line":12},"11":{"loc":{"start":{"line":12,"column":598},"end":{"line":12,"column":653}},"type":"binary-expr","locations":[{"start":{"line":12,"column":598},"end":{"line":12,"column":630}},{"start":{"line":12,"column":634},"end":{"line":12,"column":653}}],"line":12},"12":{"loc":{"start":{"line":12,"column":792},"end":{"line":12,"column":826}},"type":"binary-expr","locations":[{"start":{"line":12,"column":792},"end":{"line":12,"column":802}},{"start":{"line":12,"column":806},"end":{"line":12,"column":826}}],"line":12},"13":{"loc":{"start":{"line":12,"column":921},"end":{"line":12,"column":1039}},"type":"if","locations":[{"start":{"line":12,"column":921},"end":{"line":12,"column":1039}},{"start":{"line":12,"column":921},"end":{"line":12,"column":1039}}],"line":12},"14":{"loc":{"start":{"line":12,"column":937},"end":{"line":12,"column":1038}},"type":"cond-expr","locations":[{"start":{"line":12,"column":961},"end":{"line":12,"column":1004}},{"start":{"line":12,"column":1007},"end":{"line":12,"column":1038}}],"line":12},"15":{"loc":{"start":{"line":20,"column":161},"end":{"line":20,"column":204}},"type":"binary-expr","locations":[{"start":{"line":20,"column":161},"end":{"line":20,"column":174}},{"start":{"line":20,"column":178},"end":{"line":20,"column":204}}],"line":20},"16":{"loc":{"start":{"line":40,"column":8},"end":{"line":40,"column":69}},"type":"cond-expr","locations":[{"start":{"line":40,"column":29},"end":{"line":40,"column":47}},{"start":{"line":40,"column":50},"end":{"line":40,"column":69}}],"line":40}},"s":{"0":1,"1":1,"2":3,"3":3,"4":3,"5":3,"6":3,"7":3,"8":1,"9":1,"10":1,"11":1,"12":0,"13":1,"14":1,"15":1,"16":1,"17":1,"18":0,"19":1,"20":0,"21":1,"22":1,"23":0,"24":1,"25":1,"26":1,"27":1,"28":1,"29":1,"30":1,"31":1,"32":1,"33":1,"34":1,"35":1,"36":0,"37":1,"38":2,"39":1,"40":1,"41":1},"f":{"0":1,"1":1,"2":1,"3":1,"4":1,"5":1,"6":1,"7":1,"8":1,"9":0,"10":1,"11":2},"b":{"0":[3,3],"1":[3,0],"2":[1,0],"3":[0,1],"4":[0,1],"5":[1,1],"6":[0,1],"7":[0,1],"8":[0,1],"9":[1,0,0],"10":[0,1],"11":[1,0],"12":[1,1],"13":[1,0],"14":[1,0],"15":[1,0],"16":[0,2]},"_coverageSchema":"332fd63041d2c1bcb487cc26dd0d5f7d97098a6c","hash":"3c0466f85b8b3bfd0a1a01d37d77d6256bd296b2"}
}
