TN:
SF:/Users/a2014/Desktop/draghtml/script/src/entry.js
FN:1,(anonymous_0)
FN:1,defineProperties
FN:1,(anonymous_2)
FN:12,_interopRequireDefault
FN:12,_classCallCheck
FN:12,_possibleConstructorReturn
FN:12,_inherits
FN:20,(anonymous_7)
FN:20,App
FN:22,change
FN:28,componentDidMount
FN:31,render
FNF:12
FNH:11
FNDA:1,(anonymous_0)
FNDA:1,defineProperties
FNDA:1,(anonymous_2)
FNDA:1,_interopRequireDefault
FNDA:1,_classCallCheck
FNDA:1,_possibleConstructorReturn
FNDA:1,_inherits
FNDA:1,(anonymous_7)
FNDA:1,App
FNDA:0,change
FNDA:1,componentDidMount
FNDA:2,render
DA:1,3
DA:12,1
DA:20,1
DA:21,1
DA:22,1
DA:25,0
DA:30,1
DA:34,2
DA:42,1
DA:44,1
DA:45,1
LF:11
LH:10
BRDA:1,0,0,3
BRDA:1,0,1,3
BRDA:1,1,0,3
BRDA:1,1,1,0
BRDA:1,2,0,1
BRDA:1,2,1,0
BRDA:1,3,0,0
BRDA:1,3,1,1
BRDA:12,4,0,0
BRDA:12,4,1,1
BRDA:12,5,0,1
BRDA:12,5,1,1
BRDA:12,6,0,0
BRDA:12,6,1,1
BRDA:12,7,0,0
BRDA:12,7,1,1
BRDA:12,8,0,0
BRDA:12,8,1,1
BRDA:12,9,0,1
BRDA:12,9,1,0
BRDA:12,9,2,0
BRDA:12,10,0,0
BRDA:12,10,1,1
BRDA:12,11,0,1
BRDA:12,11,1,0
BRDA:12,12,0,1
BRDA:12,12,1,1
BRDA:12,13,0,1
BRDA:12,13,1,0
BRDA:12,14,0,1
BRDA:12,14,1,0
BRDA:20,15,0,1
BRDA:20,15,1,0
BRDA:40,16,0,0
BRDA:40,16,1,2
BRF:35
BRH:20
end_of_record
