TN:
SF:/Users/a2014/Desktop/draghtml/script/src/entry.js
FN:1,(anonymous_0)
FN:1,defineProperties
FN:1,(anonymous_2)
FN:12,_interopRequireDefault
FN:12,_classCallCheck
FN:12,_possibleConstructorReturn
FN:12,_inherits
FN:20,(anonymous_7)
FN:20,App
FN:22,change
FN:28,componentDidMount
FN:31,render
FNF:12
FNH:12
FNDA:1,(anonymous_0)
FNDA:1,defineProperties
FNDA:1,(anonymous_2)
FNDA:1,_interopRequireDefault
FNDA:2,_classCallCheck
FNDA:2,_possibleConstructorReturn
FNDA:1,_inherits
FNDA:1,(anonymous_7)
FNDA:2,App
FNDA:1,change
FNDA:1,componentDidMount
FNDA:4,render
DA:1,3
DA:12,2
DA:20,2
DA:21,2
DA:22,1
DA:25,1
DA:30,1
DA:34,4
DA:42,1
DA:44,1
LF:10
LH:10
BRDA:1,0,0,3
BRDA:1,0,1,3
BRDA:1,1,0,3
BRDA:1,1,1,0
BRDA:1,2,0,1
BRDA:1,2,1,0
BRDA:1,3,0,0
BRDA:1,3,1,1
BRDA:12,4,0,0
BRDA:12,4,1,1
BRDA:12,5,0,1
BRDA:12,5,1,1
BRDA:12,6,0,0
BRDA:12,6,1,2
BRDA:12,7,0,0
BRDA:12,7,1,2
BRDA:12,8,0,0
BRDA:12,8,1,2
BRDA:12,9,0,2
BRDA:12,9,1,0
BRDA:12,9,2,0
BRDA:12,10,0,0
BRDA:12,10,1,1
BRDA:12,11,0,1
BRDA:12,11,1,0
BRDA:12,12,0,1
BRDA:12,12,1,1
BRDA:12,13,0,1
BRDA:12,13,1,0
BRDA:12,14,0,1
BRDA:12,14,1,0
BRDA:20,15,0,2
BRDA:20,15,1,0
BRDA:40,16,0,1
BRDA:40,16,1,3
BRF:35
BRH:21
end_of_record
TN:
SF:/Users/a2014/Desktop/draghtml/script/src/parser.js
FN:1,(anonymous_0)
FN:1,defineProperties
FN:1,(anonymous_2)
FN:1,_classCallCheck
FN:1,(anonymous_4)
FN:2,Parser
FN:6,render
FN:34,evalue
FN:84,rCode
FN:88,rWrap
FNF:10
FNH:10
FNDA:1,(anonymous_0)
FNDA:1,defineProperties
FNDA:1,(anonymous_2)
FNDA:3,_classCallCheck
FNDA:1,(anonymous_4)
FNDA:3,Parser
FNDA:4,render
FNDA:23,evalue
FNDA:3,rCode
FNDA:10,rWrap
DA:1,4
DA:2,3
DA:3,3
DA:4,3
DA:5,3
DA:6,1
DA:8,4
DA:9,4
DA:11,4
DA:12,1
DA:15,3
DA:16,3
DA:17,3
DA:18,3
DA:19,3
DA:20,3
DA:21,3
DA:22,3
DA:23,3
DA:24,3
DA:25,3
DA:26,3
DA:27,3
DA:28,1
DA:31,4
DA:35,23
DA:38,4
DA:39,4
DA:40,4
DA:41,4
DA:42,4
DA:43,4
DA:44,4
DA:46,4
DA:47,4
DA:48,4
DA:51,0
DA:52,0
DA:53,0
DA:54,0
DA:55,0
DA:56,0
DA:59,1
DA:60,1
DA:61,1
DA:62,1
DA:63,1
DA:64,1
DA:67,1
DA:68,1
DA:69,1
DA:70,1
DA:71,1
DA:72,1
DA:74,4
DA:75,4
DA:76,4
DA:77,4
DA:78,4
DA:79,4
DA:80,13
DA:85,3
DA:89,10
DA:90,1
LF:64
LH:58
BRDA:1,0,0,4
BRDA:1,0,1,4
BRDA:1,1,0,4
BRDA:1,1,1,0
BRDA:1,2,0,1
BRDA:1,2,1,0
BRDA:1,3,0,0
BRDA:1,3,1,1
BRDA:1,4,0,0
BRDA:1,4,1,3
BRDA:4,5,0,3
BRDA:4,5,1,0
BRDA:11,6,0,1
BRDA:11,6,1,3
BRDA:27,7,0,1
BRDA:27,7,1,2
BRDA:35,8,0,4
BRDA:35,8,1,0
BRDA:35,8,2,1
BRDA:35,8,3,1
BRDA:35,8,4,4
BRDA:35,8,5,13
BRDA:38,9,0,4
BRDA:38,9,1,0
BRDA:41,10,0,0
BRDA:41,10,1,4
BRDA:43,11,0,4
BRDA:43,11,1,0
BRDA:46,12,0,0
BRDA:46,12,1,4
BRDA:51,13,0,0
BRDA:51,13,1,0
BRDA:59,14,0,1
BRDA:59,14,1,0
BRDA:67,15,0,1
BRDA:67,15,1,0
BRDA:74,16,0,4
BRDA:74,16,1,0
BRF:38
BRH:23
end_of_record
